1667751742835	geckodriver	INFO	Listening on 127.0.0.1:36775
1667751742837	mozrunner::runner	INFO	Running command: "/usr/bin/firefox" "--marionette" "--remote-debugging-port" "41881" "--remote-allow-hosts" "localhost" "-no-remote" "-profile" "/tmp/rust_mozprofileCiDIc7"
ATTENTION: default value of option mesa_glthread overridden by environment.
ATTENTION: default value of option mesa_glthread overridden by environment.
ATTENTION: default value of option mesa_glthread overridden by environment.
ATTENTION: default value of option mesa_glthread overridden by environment.
1667751743258	Marionette	INFO	Marionette enabled
1667751743261	Marionette	INFO	Listening on port 43361
WebDriver BiDi listening on ws://127.0.0.1:41881
Read port: 43361
1667751743431	RemoteAgent	WARN	TLS certificate errors will be ignored for this session
ATTENTION: default value of option mesa_glthread overridden by environment.
kf.i18n: KLocalizedString: Using an empty domain, fix the code. msgid: "Mozilla Firefox" msgid_plural: "" msgctxt: ""
console.warn: SearchSettings: "get: No settings file exists, new profile?" (new NotFoundError("Could not open the file at /tmp/rust_mozprofileCiDIc7/search.json.mozlz4", (void 0)))
DevTools listening on ws://127.0.0.1:41881/devtools/browser/fad0af9f-c5bd-4d08-be0b-f8157cd7b0b0
JavaScript warning: https://pagead2.googlesyndication.com/bg/vLbRz7g6TQ5oo3iSl-9A8cc-tNTKSUSKynQIdvKxkcY.js line 2 > eval line 2822 > eval line 1 > eval line 1 > eval, line 1: WEBGL_debug_renderer_info is deprecated in Firefox and will be removed. Please use RENDERER.
[GFX1-]: Couldn't sanitize RENDERER device: RENOIR
1667751852103	geckodriver	INFO	Listening on 127.0.0.1:58067
1667751852105	mozrunner::runner	INFO	Running command: "/usr/bin/firefox" "--marionette" "--remote-debugging-port" "51825" "--remote-allow-hosts" "localhost" "-no-remote" "-profile" "/tmp/rust_mozprofileB8YO6E"
ATTENTION: default value of option mesa_glthread overridden by environment.
ATTENTION: default value of option mesa_glthread overridden by environment.
ATTENTION: default value of option mesa_glthread overridden by environment.
ATTENTION: default value of option mesa_glthread overridden by environment.
1667751852494	Marionette	INFO	Marionette enabled
1667751852496	Marionette	INFO	Listening on port 43015
Read port: 43015
WebDriver BiDi listening on ws://127.0.0.1:51825
1667751852560	RemoteAgent	WARN	TLS certificate errors will be ignored for this session
ATTENTION: default value of option mesa_glthread overridden by environment.
kf.i18n: KLocalizedString: Using an empty domain, fix the code. msgid: "Mozilla Firefox" msgid_plural: "" msgctxt: ""
console.warn: SearchSettings: "get: No settings file exists, new profile?" (new NotFoundError("Could not open the file at /tmp/rust_mozprofileB8YO6E/search.json.mozlz4", (void 0)))
DevTools listening on ws://127.0.0.1:51825/devtools/browser/63d32a0b-e7a7-4f18-bcda-304f872da151
1667751968603	geckodriver	INFO	Listening on 127.0.0.1:40075
1667751968605	mozrunner::runner	INFO	Running command: "/usr/bin/firefox" "--marionette" "--remote-debugging-port" "46589" "--remote-allow-hosts" "localhost" "-no-remote" "-profile" "/tmp/rust_mozprofileZUrjg6"
ATTENTION: default value of option mesa_glthread overridden by environment.
ATTENTION: default value of option mesa_glthread overridden by environment.
ATTENTION: default value of option mesa_glthread overridden by environment.
ATTENTION: default value of option mesa_glthread overridden by environment.
1667751968991	Marionette	INFO	Marionette enabled
1667751968993	Marionette	INFO	Listening on port 33723
Read port: 33723
WebDriver BiDi listening on ws://127.0.0.1:46589
1667751969055	RemoteAgent	WARN	TLS certificate errors will be ignored for this session
ATTENTION: default value of option mesa_glthread overridden by environment.
kf.i18n: KLocalizedString: Using an empty domain, fix the code. msgid: "Mozilla Firefox" msgid_plural: "" msgctxt: ""
console.warn: SearchSettings: "get: No settings file exists, new profile?" (new NotFoundError("Could not open the file at /tmp/rust_mozprofileZUrjg6/search.json.mozlz4", (void 0)))
DevTools listening on ws://127.0.0.1:46589/devtools/browser/54e62189-690c-4dcb-9aa2-50cf96201a1b
1667751979940	Marionette	WARN	Ignoring event 'pageshow' because document has an invalid readyState of 'uninitialized'.
JavaScript warning: https://pagead2.googlesyndication.com/bg/vLbRz7g6TQ5oo3iSl-9A8cc-tNTKSUSKynQIdvKxkcY.js line 2 > eval line 3319 > eval line 1 > eval line 1 > eval, line 1: WEBGL_debug_renderer_info is deprecated in Firefox and will be removed. Please use RENDERER.
[GFX1-]: Couldn't sanitize RENDERER device: RENOIR
1667751995902	geckodriver	INFO	Listening on 127.0.0.1:36331
1667751995904	mozrunner::runner	INFO	Running command: "/usr/bin/firefox" "--marionette" "--remote-debugging-port" "54013" "--remote-allow-hosts" "localhost" "-no-remote" "-profile" "/tmp/rust_mozprofile7u3opX"
ATTENTION: default value of option mesa_glthread overridden by environment.
ATTENTION: default value of option mesa_glthread overridden by environment.
ATTENTION: default value of option mesa_glthread overridden by environment.
ATTENTION: default value of option mesa_glthread overridden by environment.
1667751996291	Marionette	INFO	Marionette enabled
1667751996293	Marionette	INFO	Listening on port 37567
Read port: 37567
WebDriver BiDi listening on ws://127.0.0.1:54013
1667751996357	RemoteAgent	WARN	TLS certificate errors will be ignored for this session
ATTENTION: default value of option mesa_glthread overridden by environment.
kf.i18n: KLocalizedString: Using an empty domain, fix the code. msgid: "Mozilla Firefox" msgid_plural: "" msgctxt: ""
console.warn: SearchSettings: "get: No settings file exists, new profile?" (new NotFoundError("Could not open the file at /tmp/rust_mozprofile7u3opX/search.json.mozlz4", (void 0)))
DevTools listening on ws://127.0.0.1:54013/devtools/browser/dd7bff9a-65e5-40d2-a37f-7b9ab6a14bab
1667752007551	Marionette	WARN	Ignoring event 'pageshow' because document has an invalid readyState of 'uninitialized'.
JavaScript warning: https://pagead2.googlesyndication.com/bg/vLbRz7g6TQ5oo3iSl-9A8cc-tNTKSUSKynQIdvKxkcY.js line 2 > eval line 2529 > eval line 1 > eval line 1 > eval, line 1: WEBGL_debug_renderer_info is deprecated in Firefox and will be removed. Please use RENDERER.
[GFX1-]: Couldn't sanitize RENDERER device: RENOIR
1667752092513	geckodriver	INFO	Listening on 127.0.0.1:48099
1667752092515	mozrunner::runner	INFO	Running command: "/usr/bin/firefox" "--marionette" "--remote-debugging-port" "37429" "--remote-allow-hosts" "localhost" "-no-remote" "-profile" "/tmp/rust_mozprofileLreZR0"
ATTENTION: default value of option mesa_glthread overridden by environment.
ATTENTION: default value of option mesa_glthread overridden by environment.
ATTENTION: default value of option mesa_glthread overridden by environment.
ATTENTION: default value of option mesa_glthread overridden by environment.
1667752092904	Marionette	INFO	Marionette enabled
1667752092906	Marionette	INFO	Listening on port 35535
Read port: 35535
WebDriver BiDi listening on ws://127.0.0.1:37429
1667752092969	RemoteAgent	WARN	TLS certificate errors will be ignored for this session
ATTENTION: default value of option mesa_glthread overridden by environment.
kf.i18n: KLocalizedString: Using an empty domain, fix the code. msgid: "Mozilla Firefox" msgid_plural: "" msgctxt: ""
console.warn: SearchSettings: "get: No settings file exists, new profile?" (new NotFoundError("Could not open the file at /tmp/rust_mozprofileLreZR0/search.json.mozlz4", (void 0)))
DevTools listening on ws://127.0.0.1:37429/devtools/browser/97bbb689-3937-4ce3-87a0-0fabeb4855b6
1667752283505	Marionette	INFO	Stopped listening on port 33723
1667752283505	Marionette	INFO	Stopped listening on port 43361
1667752283506	Marionette	INFO	Stopped listening on port 37567
1667752283509	Marionette	INFO	Stopped listening on port 35535
JavaScript error: , line 0: TypeError: NetworkError when attempting to fetch resource.
JavaScript error: , line 0: TypeError: NetworkError when attempting to fetch resource.
console.warn: TopSitesFeed: Failed to fetch data from Contile server: NetworkError when attempting to fetch resource.
console.warn: TopSitesFeed: Failed to fetch data from Contile server: NetworkError when attempting to fetch resource.
JavaScript error: resource://gre/modules/AsyncShutdown.jsm, line 576: NotFoundError: No such JSWindowActor 'DevToolsFrame'
JavaScript error: resource://gre/modules/AsyncShutdown.jsm, line 576: NotFoundError: No such JSWindowActor 'DevToolsFrame'
JavaScript error: resource://gre/modules/AsyncShutdown.jsm, line 576: NotFoundError: No such JSWindowActor 'DevToolsFrame'
console.warn: TopSitesFeed: Failed to fetch data from Contile server: NetworkError when attempting to fetch resource.
1667752283577	Marionette	INFO	Stopped listening on port 43015
console.warn: TopSitesFeed: Failed to fetch data from Contile server: NetworkError when attempting to fetch resource.
1667752287687	geckodriver	INFO	Listening on 127.0.0.1:43351
1667752287689	mozrunner::runner	INFO	Running command: "/usr/bin/firefox" "--marionette" "--remote-debugging-port" "54753" "--remote-allow-hosts" "localhost" "-no-remote" "-profile" "/tmp/rust_mozprofiletywB9r"
ATTENTION: default value of option mesa_glthread overridden by environment.
ATTENTION: default value of option mesa_glthread overridden by environment.
ATTENTION: default value of option mesa_glthread overridden by environment.
ATTENTION: default value of option mesa_glthread overridden by environment.
1667752288086	Marionette	INFO	Marionette enabled
1667752288088	Marionette	INFO	Listening on port 43747
Read port: 43747
WebDriver BiDi listening on ws://127.0.0.1:54753
1667752288152	RemoteAgent	WARN	TLS certificate errors will be ignored for this session
ATTENTION: default value of option mesa_glthread overridden by environment.
kf.i18n: KLocalizedString: Using an empty domain, fix the code. msgid: "Mozilla Firefox" msgid_plural: "" msgctxt: ""
console.warn: SearchSettings: "get: No settings file exists, new profile?" (new NotFoundError("Could not open the file at /tmp/rust_mozprofiletywB9r/search.json.mozlz4", (void 0)))
DevTools listening on ws://127.0.0.1:54753/devtools/browser/c4b35bed-8393-4c47-b31f-617785aca204
1667753648907	Marionette	INFO	Stopped listening on port 43747
console.warn: TopSitesFeed: Failed to fetch data from Contile server: NetworkError when attempting to fetch resource.
1667753653287	geckodriver	INFO	Listening on 127.0.0.1:45667
1667753653289	mozrunner::runner	INFO	Running command: "/usr/bin/firefox" "--marionette" "--remote-debugging-port" "39225" "--remote-allow-hosts" "localhost" "-no-remote" "-profile" "/tmp/rust_mozprofilevisGYP"
ATTENTION: default value of option mesa_glthread overridden by environment.
ATTENTION: default value of option mesa_glthread overridden by environment.
ATTENTION: default value of option mesa_glthread overridden by environment.
ATTENTION: default value of option mesa_glthread overridden by environment.
1667753653683	Marionette	INFO	Marionette enabled
1667753653685	Marionette	INFO	Listening on port 38769
Read port: 38769
WebDriver BiDi listening on ws://127.0.0.1:39225
1667753653749	RemoteAgent	WARN	TLS certificate errors will be ignored for this session
ATTENTION: default value of option mesa_glthread overridden by environment.
kf.i18n: KLocalizedString: Using an empty domain, fix the code. msgid: "Mozilla Firefox" msgid_plural: "" msgctxt: ""
console.warn: SearchSettings: "get: No settings file exists, new profile?" (new NotFoundError("Could not open the file at /tmp/rust_mozprofilevisGYP/search.json.mozlz4", (void 0)))
DevTools listening on ws://127.0.0.1:39225/devtools/browser/09eafa1b-076c-41ab-90a1-3efe6d253f74
console.error: Region.jsm: "Error fetching region" (new Error("TIMEOUT", "resource://gre/modules/Region.jsm", 768))
console.error: Region.jsm: "Failed to fetch region" (new Error("TIMEOUT", "resource://gre/modules/Region.jsm", 420))
1667753835196	geckodriver	INFO	Listening on 127.0.0.1:49991
1667753835198	mozrunner::runner	INFO	Running command: "/usr/bin/firefox" "--marionette" "--remote-debugging-port" "59117" "--remote-allow-hosts" "localhost" "-no-remote" "-profile" "/tmp/rust_mozprofileGu7NKW"
ATTENTION: default value of option mesa_glthread overridden by environment.
ATTENTION: default value of option mesa_glthread overridden by environment.
ATTENTION: default value of option mesa_glthread overridden by environment.
ATTENTION: default value of option mesa_glthread overridden by environment.
1667753835582	Marionette	INFO	Marionette enabled
1667753835584	Marionette	INFO	Listening on port 45763
Read port: 45763
WebDriver BiDi listening on ws://127.0.0.1:59117
1667753835651	RemoteAgent	WARN	TLS certificate errors will be ignored for this session
ATTENTION: default value of option mesa_glthread overridden by environment.
kf.i18n: KLocalizedString: Using an empty domain, fix the code. msgid: "Mozilla Firefox" msgid_plural: "" msgctxt: ""
console.warn: SearchSettings: "get: No settings file exists, new profile?" (new NotFoundError("Could not open the file at /tmp/rust_mozprofileGu7NKW/search.json.mozlz4", (void 0)))
DevTools listening on ws://127.0.0.1:59117/devtools/browser/0537ba51-2865-41ea-9f2e-95c5e5be2612
1667754214589	geckodriver	INFO	Listening on 127.0.0.1:54133
1667754214591	mozrunner::runner	INFO	Running command: "/usr/bin/firefox" "--marionette" "--remote-debugging-port" "37831" "--remote-allow-hosts" "localhost" "-no-remote" "-profile" "/tmp/rust_mozprofile2DqFaX"
ATTENTION: default value of option mesa_glthread overridden by environment.
ATTENTION: default value of option mesa_glthread overridden by environment.
ATTENTION: default value of option mesa_glthread overridden by environment.
ATTENTION: default value of option mesa_glthread overridden by environment.
1667754214982	Marionette	INFO	Marionette enabled
1667754214984	Marionette	INFO	Listening on port 34729
Read port: 34729
WebDriver BiDi listening on ws://127.0.0.1:37831
1667754215048	RemoteAgent	WARN	TLS certificate errors will be ignored for this session
ATTENTION: default value of option mesa_glthread overridden by environment.
kf.i18n: KLocalizedString: Using an empty domain, fix the code. msgid: "Mozilla Firefox" msgid_plural: "" msgctxt: ""
console.warn: SearchSettings: "get: No settings file exists, new profile?" (new NotFoundError("Could not open the file at /tmp/rust_mozprofile2DqFaX/search.json.mozlz4", (void 0)))
DevTools listening on ws://127.0.0.1:37831/devtools/browser/ee2db6ef-0048-49c5-839e-ab8f4ec51598
console.error: Region.jsm: "Error fetching region" (new Error("TIMEOUT", "resource://gre/modules/Region.jsm", 768))
console.error: Region.jsm: "Failed to fetch region" (new Error("TIMEOUT", "resource://gre/modules/Region.jsm", 420))
JavaScript error: , line 0: TypeError: NetworkError when attempting to fetch resource.
JavaScript warning: https://pagead2.googlesyndication.com/bg/vLbRz7g6TQ5oo3iSl-9A8cc-tNTKSUSKynQIdvKxkcY.js line 2 > eval line 81 > eval line 1 > eval line 1 > eval, line 1: WEBGL_debug_renderer_info is deprecated in Firefox and will be removed. Please use RENDERER.
[GFX1-]: Couldn't sanitize RENDERER device: RENOIR
JavaScript error: , line 0: TypeError: NetworkError when attempting to fetch resource.
JavaScript warning: https://pagead2.googlesyndication.com/bg/vLbRz7g6TQ5oo3iSl-9A8cc-tNTKSUSKynQIdvKxkcY.js line 2 > eval line 4531 > eval line 1 > eval line 1 > eval, line 1: WEBGL_debug_renderer_info is deprecated in Firefox and will be removed. Please use RENDERER.
[GFX1-]: Couldn't sanitize RENDERER device: RENOIR
JavaScript warning: https://pagead2.googlesyndication.com/bg/vLbRz7g6TQ5oo3iSl-9A8cc-tNTKSUSKynQIdvKxkcY.js line 2 > eval line 3589 > eval line 1 > eval line 1 > eval, line 1: WEBGL_debug_renderer_info is deprecated in Firefox and will be removed. Please use RENDERER.
[GFX1-]: Couldn't sanitize RENDERER device: RENOIR
JavaScript error: , line 0: uncaught exception: undefined
JavaScript warning: https://pagead2.googlesyndication.com/bg/vLbRz7g6TQ5oo3iSl-9A8cc-tNTKSUSKynQIdvKxkcY.js line 2 > eval line 1207 > eval line 1 > eval line 1 > eval, line 1: WEBGL_debug_renderer_info is deprecated in Firefox and will be removed. Please use RENDERER.
[GFX1-]: Couldn't sanitize RENDERER device: RENOIR
JavaScript warning: https://pagead2.googlesyndication.com/bg/vLbRz7g6TQ5oo3iSl-9A8cc-tNTKSUSKynQIdvKxkcY.js line 2 > eval line 3585 > eval line 1 > eval line 1 > eval, line 1: WEBGL_debug_renderer_info is deprecated in Firefox and will be removed. Please use RENDERER.
[GFX1-]: Couldn't sanitize RENDERER device: RENOIR
JavaScript warning: https://pagead2.googlesyndication.com/bg/vLbRz7g6TQ5oo3iSl-9A8cc-tNTKSUSKynQIdvKxkcY.js line 2 > eval line 5439 > eval line 1 > eval line 1 > eval, line 1: WEBGL_debug_renderer_info is deprecated in Firefox and will be removed. Please use RENDERER.
[GFX1-]: Couldn't sanitize RENDERER device: RENOIR
JavaScript warning: https://pagead2.googlesyndication.com/bg/vLbRz7g6TQ5oo3iSl-9A8cc-tNTKSUSKynQIdvKxkcY.js line 2 > eval line 1853 > eval line 1 > eval line 1 > eval, line 1: WEBGL_debug_renderer_info is deprecated in Firefox and will be removed. Please use RENDERER.
[GFX1-]: Couldn't sanitize RENDERER device: RENOIR
JavaScript warning: https://pagead2.googlesyndication.com/bg/vLbRz7g6TQ5oo3iSl-9A8cc-tNTKSUSKynQIdvKxkcY.js line 2 > eval line 5070 > eval line 1 > eval line 1 > eval, line 1: WEBGL_debug_renderer_info is deprecated in Firefox and will be removed. Please use RENDERER.
[GFX1-]: Couldn't sanitize RENDERER device: RENOIR
JavaScript warning: https://pagead2.googlesyndication.com/bg/vLbRz7g6TQ5oo3iSl-9A8cc-tNTKSUSKynQIdvKxkcY.js line 2 > eval line 1487 > eval line 1 > eval line 1 > eval, line 1: WEBGL_debug_renderer_info is deprecated in Firefox and will be removed. Please use RENDERER.
[GFX1-]: Couldn't sanitize RENDERER device: RENOIR
JavaScript warning: https://pagead2.googlesyndication.com/bg/vLbRz7g6TQ5oo3iSl-9A8cc-tNTKSUSKynQIdvKxkcY.js line 2 > eval line 7502 > eval line 1 > eval line 1 > eval, line 1: WEBGL_debug_renderer_info is deprecated in Firefox and will be removed. Please use RENDERER.
[GFX1-]: Couldn't sanitize RENDERER device: RENOIR
JavaScript warning: https://pagead2.googlesyndication.com/bg/vLbRz7g6TQ5oo3iSl-9A8cc-tNTKSUSKynQIdvKxkcY.js line 2 > eval line 4834 > eval line 1 > eval line 1 > eval, line 1: WEBGL_debug_renderer_info is deprecated in Firefox and will be removed. Please use RENDERER.
[GFX1-]: Couldn't sanitize RENDERER device: RENOIR
JavaScript warning: https://pagead2.googlesyndication.com/bg/vLbRz7g6TQ5oo3iSl-9A8cc-tNTKSUSKynQIdvKxkcY.js line 2 > eval line 129 > eval line 1 > eval line 1 > eval, line 1: WEBGL_debug_renderer_info is deprecated in Firefox and will be removed. Please use RENDERER.
[GFX1-]: Couldn't sanitize RENDERER device: RENOIR
JavaScript warning: https://pagead2.googlesyndication.com/bg/vLbRz7g6TQ5oo3iSl-9A8cc-tNTKSUSKynQIdvKxkcY.js line 2 > eval line 2324 > eval line 1 > eval line 1 > eval, line 1: WEBGL_debug_renderer_info is deprecated in Firefox and will be removed. Please use RENDERER.
[GFX1-]: Couldn't sanitize RENDERER device: RENOIR
JavaScript warning: https://pagead2.googlesyndication.com/bg/vLbRz7g6TQ5oo3iSl-9A8cc-tNTKSUSKynQIdvKxkcY.js line 2 > eval line 5536 > eval line 1 > eval line 1 > eval, line 1: WEBGL_debug_renderer_info is deprecated in Firefox and will be removed. Please use RENDERER.
[GFX1-]: Couldn't sanitize RENDERER device: RENOIR
JavaScript warning: https://pagead2.googlesyndication.com/bg/vLbRz7g6TQ5oo3iSl-9A8cc-tNTKSUSKynQIdvKxkcY.js line 2 > eval line 3077 > eval line 1 > eval line 1 > eval, line 1: WEBGL_debug_renderer_info is deprecated in Firefox and will be removed. Please use RENDERER.
[GFX1-]: Couldn't sanitize RENDERER device: RENOIR
JavaScript warning: https://pagead2.googlesyndication.com/bg/vLbRz7g6TQ5oo3iSl-9A8cc-tNTKSUSKynQIdvKxkcY.js line 2 > eval line 5017 > eval line 1 > eval line 1 > eval, line 1: WEBGL_debug_renderer_info is deprecated in Firefox and will be removed. Please use RENDERER.
[GFX1-]: Couldn't sanitize RENDERER device: RENOIR
JavaScript warning: https://pagead2.googlesyndication.com/bg/vLbRz7g6TQ5oo3iSl-9A8cc-tNTKSUSKynQIdvKxkcY.js line 2 > eval line 6254 > eval line 1 > eval line 1 > eval, line 1: WEBGL_debug_renderer_info is deprecated in Firefox and will be removed. Please use RENDERER.
[GFX1-]: Couldn't sanitize RENDERER device: RENOIR
JavaScript warning: https://pagead2.googlesyndication.com/bg/vLbRz7g6TQ5oo3iSl-9A8cc-tNTKSUSKynQIdvKxkcY.js line 2 > eval line 304 > eval line 1 > eval line 1 > eval, line 1: WEBGL_debug_renderer_info is deprecated in Firefox and will be removed. Please use RENDERER.
[GFX1-]: Couldn't sanitize RENDERER device: RENOIR
JavaScript warning: https://pagead2.googlesyndication.com/bg/vLbRz7g6TQ5oo3iSl-9A8cc-tNTKSUSKynQIdvKxkcY.js line 2 > eval line 3717 > eval line 1 > eval line 1 > eval, line 1: WEBGL_debug_renderer_info is deprecated in Firefox and will be removed. Please use RENDERER.
[GFX1-]: Couldn't sanitize RENDERER device: RENOIR
JavaScript warning: https://pagead2.googlesyndication.com/bg/vLbRz7g6TQ5oo3iSl-9A8cc-tNTKSUSKynQIdvKxkcY.js line 2 > eval line 6154 > eval line 1 > eval line 1 > eval, line 1: WEBGL_debug_renderer_info is deprecated in Firefox and will be removed. Please use RENDERER.
[GFX1-]: Couldn't sanitize RENDERER device: RENOIR
JavaScript warning: https://pagead2.googlesyndication.com/bg/vLbRz7g6TQ5oo3iSl-9A8cc-tNTKSUSKynQIdvKxkcY.js line 2 > eval line 7184 > eval line 1 > eval line 1 > eval, line 1: WEBGL_debug_renderer_info is deprecated in Firefox and will be removed. Please use RENDERER.
[GFX1-]: Couldn't sanitize RENDERER device: RENOIR
JavaScript warning: https://pagead2.googlesyndication.com/bg/vLbRz7g6TQ5oo3iSl-9A8cc-tNTKSUSKynQIdvKxkcY.js line 2 > eval line 5221 > eval line 1 > eval line 1 > eval, line 1: WEBGL_debug_renderer_info is deprecated in Firefox and will be removed. Please use RENDERER.
[GFX1-]: Couldn't sanitize RENDERER device: RENOIR
JavaScript warning: https://pagead2.googlesyndication.com/bg/vLbRz7g6TQ5oo3iSl-9A8cc-tNTKSUSKynQIdvKxkcY.js line 2 > eval line 1992 > eval line 1 > eval line 1 > eval, line 1: WEBGL_debug_renderer_info is deprecated in Firefox and will be removed. Please use RENDERER.
[GFX1-]: Couldn't sanitize RENDERER device: RENOIR
JavaScript warning: https://pagead2.googlesyndication.com/bg/vLbRz7g6TQ5oo3iSl-9A8cc-tNTKSUSKynQIdvKxkcY.js line 2 > eval line 1979 > eval line 1 > eval line 1 > eval, line 1: WEBGL_debug_renderer_info is deprecated in Firefox and will be removed. Please use RENDERER.
[GFX1-]: Couldn't sanitize RENDERER device: RENOIR
JavaScript warning: https://pagead2.googlesyndication.com/bg/vLbRz7g6TQ5oo3iSl-9A8cc-tNTKSUSKynQIdvKxkcY.js line 2 > eval line 4537 > eval line 1 > eval line 1 > eval, line 1: WEBGL_debug_renderer_info is deprecated in Firefox and will be removed. Please use RENDERER.
[GFX1-]: Couldn't sanitize RENDERER device: RENOIR
JavaScript warning: https://pagead2.googlesyndication.com/bg/vLbRz7g6TQ5oo3iSl-9A8cc-tNTKSUSKynQIdvKxkcY.js line 2 > eval line 2482 > eval line 1 > eval line 1 > eval, line 1: WEBGL_debug_renderer_info is deprecated in Firefox and will be removed. Please use RENDERER.
[GFX1-]: Couldn't sanitize RENDERER device: RENOIR
JavaScript warning: https://pagead2.googlesyndication.com/bg/vLbRz7g6TQ5oo3iSl-9A8cc-tNTKSUSKynQIdvKxkcY.js line 2 > eval line 5033 > eval line 1 > eval line 1 > eval, line 1: WEBGL_debug_renderer_info is deprecated in Firefox and will be removed. Please use RENDERER.
[GFX1-]: Couldn't sanitize RENDERER device: RENOIR
JavaScript warning: https://pagead2.googlesyndication.com/bg/vLbRz7g6TQ5oo3iSl-9A8cc-tNTKSUSKynQIdvKxkcY.js line 2 > eval line 5797 > eval line 1 > eval line 1 > eval, line 1: WEBGL_debug_renderer_info is deprecated in Firefox and will be removed. Please use RENDERER.
[GFX1-]: Couldn't sanitize RENDERER device: RENOIR
1667756302631	geckodriver	INFO	Listening on 127.0.0.1:39505
1667756302633	mozrunner::runner	INFO	Running command: "/usr/bin/firefox" "--marionette" "--remote-debugging-port" "38957" "--remote-allow-hosts" "localhost" "-no-remote" "-profile" "/tmp/rust_mozprofile75HLMQ"
ATTENTION: default value of option mesa_glthread overridden by environment.
ATTENTION: default value of option mesa_glthread overridden by environment.
ATTENTION: default value of option mesa_glthread overridden by environment.
ATTENTION: default value of option mesa_glthread overridden by environment.
1667756303077	Marionette	INFO	Marionette enabled
1667756303079	Marionette	INFO	Listening on port 44703
WebDriver BiDi listening on ws://127.0.0.1:38957
Read port: 44703
1667756303222	RemoteAgent	WARN	TLS certificate errors will be ignored for this session
ATTENTION: default value of option mesa_glthread overridden by environment.
kf.i18n: KLocalizedString: Using an empty domain, fix the code. msgid: "Mozilla Firefox" msgid_plural: "" msgctxt: ""
console.warn: SearchSettings: "get: No settings file exists, new profile?" (new NotFoundError("Could not open the file at /tmp/rust_mozprofile75HLMQ/search.json.mozlz4", (void 0)))
DevTools listening on ws://127.0.0.1:38957/devtools/browser/ab499547-6fa4-4053-99f2-f0d2f55e65be
1667756518469	geckodriver	INFO	Listening on 127.0.0.1:45807
1667756518471	mozrunner::runner	INFO	Running command: "/usr/bin/firefox" "--marionette" "--remote-debugging-port" "36933" "--remote-allow-hosts" "localhost" "-no-remote" "-profile" "/tmp/rust_mozprofileleqVWp"
ATTENTION: default value of option mesa_glthread overridden by environment.
ATTENTION: default value of option mesa_glthread overridden by environment.
ATTENTION: default value of option mesa_glthread overridden by environment.
ATTENTION: default value of option mesa_glthread overridden by environment.
1667756518925	Marionette	INFO	Marionette enabled
1667756518928	Marionette	INFO	Listening on port 35173
Read port: 35173
WebDriver BiDi listening on ws://127.0.0.1:36933
1667756519001	RemoteAgent	WARN	TLS certificate errors will be ignored for this session
ATTENTION: default value of option mesa_glthread overridden by environment.
kf.i18n: KLocalizedString: Using an empty domain, fix the code. msgid: "Mozilla Firefox" msgid_plural: "" msgctxt: ""
console.warn: SearchSettings: "get: No settings file exists, new profile?" (new NotFoundError("Could not open the file at /tmp/rust_mozprofileleqVWp/search.json.mozlz4", (void 0)))
DevTools listening on ws://127.0.0.1:36933/devtools/browser/1c5d8092-f094-4e1a-991d-61d1197462cb
1667756590625	geckodriver	INFO	Listening on 127.0.0.1:45941
1667756590629	mozrunner::runner	INFO	Running command: "/usr/bin/firefox" "--marionette" "--remote-debugging-port" "39477" "--remote-allow-hosts" "localhost" "-no-remote" "-profile" "/tmp/rust_mozprofilex0WudW"
ATTENTION: default value of option mesa_glthread overridden by environment.
ATTENTION: default value of option mesa_glthread overridden by environment.
ATTENTION: default value of option mesa_glthread overridden by environment.
ATTENTION: default value of option mesa_glthread overridden by environment.
1667756591067	Marionette	INFO	Marionette enabled
1667756591070	Marionette	INFO	Listening on port 45413
WebDriver BiDi listening on ws://127.0.0.1:39477
Read port: 45413
1667756591217	RemoteAgent	WARN	TLS certificate errors will be ignored for this session
ATTENTION: default value of option mesa_glthread overridden by environment.
kf.i18n: KLocalizedString: Using an empty domain, fix the code. msgid: "Mozilla Firefox" msgid_plural: "" msgctxt: ""
console.warn: SearchSettings: "get: No settings file exists, new profile?" (new NotFoundError("Could not open the file at /tmp/rust_mozprofilex0WudW/search.json.mozlz4", (void 0)))
DevTools listening on ws://127.0.0.1:39477/devtools/browser/befae974-b80a-46b7-8e06-e7f583e9a35a
1667756797819	geckodriver	INFO	Listening on 127.0.0.1:55063
1667756797821	mozrunner::runner	INFO	Running command: "/usr/bin/firefox" "--marionette" "--remote-debugging-port" "60865" "--remote-allow-hosts" "localhost" "-no-remote" "-profile" "/tmp/rust_mozprofilepBuNfe"
ATTENTION: default value of option mesa_glthread overridden by environment.
ATTENTION: default value of option mesa_glthread overridden by environment.
ATTENTION: default value of option mesa_glthread overridden by environment.
ATTENTION: default value of option mesa_glthread overridden by environment.
1667756798257	Marionette	INFO	Marionette enabled
1667756798259	Marionette	INFO	Listening on port 46551
WebDriver BiDi listening on ws://127.0.0.1:60865
Read port: 46551
1667756798435	RemoteAgent	WARN	TLS certificate errors will be ignored for this session
ATTENTION: default value of option mesa_glthread overridden by environment.
kf.i18n: KLocalizedString: Using an empty domain, fix the code. msgid: "Mozilla Firefox" msgid_plural: "" msgctxt: ""
console.warn: SearchSettings: "get: No settings file exists, new profile?" (new NotFoundError("Could not open the file at /tmp/rust_mozprofilepBuNfe/search.json.mozlz4", (void 0)))
DevTools listening on ws://127.0.0.1:60865/devtools/browser/44901ca9-632f-42d0-88b9-ba909318e821
1667756903072	Marionette	INFO	Stopped listening on port 46551
console.warn: TopSitesFeed: Failed to fetch data from Contile server: NetworkError when attempting to fetch resource.
1667756905793	Marionette	INFO	Stopped listening on port 45413
console.warn: TopSitesFeed: Failed to fetch data from Contile server: NetworkError when attempting to fetch resource.
1667756909873	Marionette	INFO	Stopped listening on port 35173
1667756909931	addons.xpi	ERROR	System addon update list error Error: Failed downloading XML, status: 0, reason: error
console.warn: TopSitesFeed: Failed to fetch data from Contile server: NetworkError when attempting to fetch resource.
1667756911942	Marionette	INFO	Stopped listening on port 45763
1667756911942	Marionette	INFO	Stopped listening on port 38769
1667756911944	Marionette	INFO	Stopped listening on port 34729
1667756911952	Marionette	INFO	Stopped listening on port 44703
console.warn: TopSitesFeed: Failed to fetch data from Contile server: NetworkError when attempting to fetch resource.
console.warn: TopSitesFeed: Failed to fetch data from Contile server: NetworkError when attempting to fetch resource.
console.warn: TopSitesFeed: Failed to fetch data from Contile server: NetworkError when attempting to fetch resource.
console.warn: TopSitesFeed: Failed to fetch data from Contile server: NetworkError when attempting to fetch resource.
1667756916778	geckodriver	INFO	Listening on 127.0.0.1:36599
1667756916780	mozrunner::runner	INFO	Running command: "/usr/bin/firefox" "--marionette" "--remote-debugging-port" "40409" "--remote-allow-hosts" "localhost" "-no-remote" "-profile" "/tmp/rust_mozprofile8Uah2R"
ATTENTION: default value of option mesa_glthread overridden by environment.
ATTENTION: default value of option mesa_glthread overridden by environment.
ATTENTION: default value of option mesa_glthread overridden by environment.
ATTENTION: default value of option mesa_glthread overridden by environment.
1667756917182	Marionette	INFO	Marionette enabled
1667756917184	Marionette	INFO	Listening on port 42259
WebDriver BiDi listening on ws://127.0.0.1:40409
Read port: 42259
1667756917353	RemoteAgent	WARN	TLS certificate errors will be ignored for this session
ATTENTION: default value of option mesa_glthread overridden by environment.
kf.i18n: KLocalizedString: Using an empty domain, fix the code. msgid: "Mozilla Firefox" msgid_plural: "" msgctxt: ""
console.warn: SearchSettings: "get: No settings file exists, new profile?" (new NotFoundError("Could not open the file at /tmp/rust_mozprofile8Uah2R/search.json.mozlz4", (void 0)))
DevTools listening on ws://127.0.0.1:40409/devtools/browser/1eccfba8-6892-4b66-a09c-657a3e6e97c8
JavaScript error: https://www.sofascore.com/_next/static/chunks/pages/_app-680f33d67c3e15a8.js, line 1: NatsError: DISCONNECT
JavaScript error: https://www.sofascore.com/_next/static/chunks/pages/_app-680f33d67c3e15a8.js, line 1: NatsError: DISCONNECT
JavaScript error: https://www.sofascore.com/_next/static/chunks/pages/_app-680f33d67c3e15a8.js, line 1: NatsError: DISCONNECT
JavaScript error: https://www.sofascore.com/_next/static/chunks/pages/_app-680f33d67c3e15a8.js, line 1: NatsError: DISCONNECT
JavaScript error: https://www.sofascore.com/_next/static/chunks/pages/_app-680f33d67c3e15a8.js, line 1: NatsError: DISCONNECT
JavaScript error: https://www.sofascore.com/_next/static/chunks/pages/_app-680f33d67c3e15a8.js, line 1: NatsError: DISCONNECT
JavaScript error: https://www.sofascore.com/_next/static/chunks/pages/_app-680f33d67c3e15a8.js, line 1: NatsError: DISCONNECT
JavaScript error: https://www.sofascore.com/_next/static/chunks/pages/_app-680f33d67c3e15a8.js, line 1: NatsError: DISCONNECT
JavaScript error: https://www.sofascore.com/_next/static/chunks/pages/_app-680f33d67c3e15a8.js, line 1: NatsError: DISCONNECT
JavaScript error: https://www.sofascore.com/_next/static/chunks/pages/_app-680f33d67c3e15a8.js, line 1: NatsError: DISCONNECT
JavaScript error: https://www.sofascore.com/_next/static/chunks/pages/_app-680f33d67c3e15a8.js, line 1: NatsError: TIMEOUT
1667757133304	geckodriver	INFO	Listening on 127.0.0.1:41425
1667757133306	mozrunner::runner	INFO	Running command: "/usr/bin/firefox" "--marionette" "--remote-debugging-port" "51685" "--remote-allow-hosts" "localhost" "-no-remote" "-profile" "/tmp/rust_mozprofileXhsHRS"
ATTENTION: default value of option mesa_glthread overridden by environment.
ATTENTION: default value of option mesa_glthread overridden by environment.
ATTENTION: default value of option mesa_glthread overridden by environment.
ATTENTION: default value of option mesa_glthread overridden by environment.
1667757133699	Marionette	INFO	Marionette enabled
1667757133702	Marionette	INFO	Listening on port 44825
Read port: 44825
WebDriver BiDi listening on ws://127.0.0.1:51685
1667757133767	RemoteAgent	WARN	TLS certificate errors will be ignored for this session
ATTENTION: default value of option mesa_glthread overridden by environment.
kf.i18n: KLocalizedString: Using an empty domain, fix the code. msgid: "Mozilla Firefox" msgid_plural: "" msgctxt: ""
console.warn: SearchSettings: "get: No settings file exists, new profile?" (new NotFoundError("Could not open the file at /tmp/rust_mozprofileXhsHRS/search.json.mozlz4", (void 0)))
DevTools listening on ws://127.0.0.1:51685/devtools/browser/bbccbafb-7d83-4b3e-9874-c01571f8557b
1667757144589	Marionette	WARN	Ignoring event 'pageshow' because document has an invalid readyState of 'uninitialized'.
JavaScript warning: https://pagead2.googlesyndication.com/bg/vLbRz7g6TQ5oo3iSl-9A8cc-tNTKSUSKynQIdvKxkcY.js line 2 > eval line 4421 > eval line 1 > eval line 1 > eval, line 1: WEBGL_debug_renderer_info is deprecated in Firefox and will be removed. Please use RENDERER.
[GFX1-]: Couldn't sanitize RENDERER device: RENOIR
SourceActor threw an exception: [Exception... "Failed to open input source 'chrome://browser/content/certerror/aboutNetErrorCodes.js'"  nsresult: "0x805303f4 (<unknown>)"  location: "JS frame :: resource://devtools/shared/DevToolsUtils.js :: mainThreadFetch/< :: line 698"  data: yes]
Stack: mainThreadFetch/<@resource://devtools/shared/DevToolsUtils.js:698:15
mainThreadFetch@resource://devtools/shared/DevToolsUtils.js:542:10
_fetchURLContents@resource://devtools/server/actors/utils/sources-manager.js:445:22
urlContents@resource://devtools/server/actors/utils/sources-manager.js:409:17
_resurrectSource@resource://devtools/server/actors/thread.js:2149:35
addAllSources@resource://devtools/server/actors/thread.js:1481:14
watch@resource://devtools/server/actors/resources/sources.js:76:17
watchResources@resource://devtools/server/actors/resources/index.js:302:19
addSessionDataEntry@resource://devtools/server/actors/targets/session-data-processors/resources.js:11:21
addSessionDataEntry@resource://devtools/server/actors/targets/target-actor-mixin.js:44:25
_addSessionDataEntry@resource://devtools/server/connectors/js-window-actor/DevToolsFrameChild.sys.mjs:530:24
receiveMessage@resource://devtools/server/connectors/js-window-actor/DevToolsFrameChild.sys.mjs:439:21
Line: 698, column: 0
console.error: ({})
JavaScript error: resource://devtools/shared/DevToolsUtils.js, line 698: Failed to open input source 'chrome://browser/content/certerror/aboutNetErrorCodes.js'
1667757576861	geckodriver	INFO	Listening on 127.0.0.1:46151
1667757576864	mozrunner::runner	INFO	Running command: "/usr/bin/firefox" "--marionette" "--remote-debugging-port" "55185" "--remote-allow-hosts" "localhost" "-no-remote" "-profile" "/tmp/rust_mozprofilea9N4ul"
ATTENTION: default value of option mesa_glthread overridden by environment.
ATTENTION: default value of option mesa_glthread overridden by environment.
ATTENTION: default value of option mesa_glthread overridden by environment.
ATTENTION: default value of option mesa_glthread overridden by environment.
1667757577280	Marionette	INFO	Marionette enabled
1667757577283	Marionette	INFO	Listening on port 36745
WebDriver BiDi listening on ws://127.0.0.1:55185
Read port: 36745
1667757577454	RemoteAgent	WARN	TLS certificate errors will be ignored for this session
ATTENTION: default value of option mesa_glthread overridden by environment.
kf.i18n: KLocalizedString: Using an empty domain, fix the code. msgid: "Mozilla Firefox" msgid_plural: "" msgctxt: ""
console.warn: SearchSettings: "get: No settings file exists, new profile?" (new NotFoundError("Could not open the file at /tmp/rust_mozprofilea9N4ul/search.json.mozlz4", (void 0)))
DevTools listening on ws://127.0.0.1:55185/devtools/browser/2bd8b113-a0f2-46fb-bca3-c090f578b50e
1667757733817	geckodriver	INFO	Listening on 127.0.0.1:53593
1667757733819	mozrunner::runner	INFO	Running command: "/usr/bin/firefox" "--marionette" "--remote-debugging-port" "50523" "--remote-allow-hosts" "localhost" "-no-remote" "-profile" "/tmp/rust_mozprofilecIgp5p"
ATTENTION: default value of option mesa_glthread overridden by environment.
ATTENTION: default value of option mesa_glthread overridden by environment.
ATTENTION: default value of option mesa_glthread overridden by environment.
ATTENTION: default value of option mesa_glthread overridden by environment.
1667757734224	Marionette	INFO	Marionette enabled
1667757734227	Marionette	INFO	Listening on port 44329
WebDriver BiDi listening on ws://127.0.0.1:50523
Read port: 44329
1667757734403	RemoteAgent	WARN	TLS certificate errors will be ignored for this session
ATTENTION: default value of option mesa_glthread overridden by environment.
kf.i18n: KLocalizedString: Using an empty domain, fix the code. msgid: "Mozilla Firefox" msgid_plural: "" msgctxt: ""
console.warn: SearchSettings: "get: No settings file exists, new profile?" (new NotFoundError("Could not open the file at /tmp/rust_mozprofilecIgp5p/search.json.mozlz4", (void 0)))
DevTools listening on ws://127.0.0.1:50523/devtools/browser/a45e7393-2ee6-41eb-ae5c-01a35e193a1c
1667758328740	geckodriver	INFO	Listening on 127.0.0.1:50939
1667758328742	mozrunner::runner	INFO	Running command: "/usr/bin/firefox" "--marionette" "--remote-debugging-port" "60921" "--remote-allow-hosts" "localhost" "-no-remote" "-profile" "/tmp/rust_mozprofileUuSNo2"
ATTENTION: default value of option mesa_glthread overridden by environment.
ATTENTION: default value of option mesa_glthread overridden by environment.
ATTENTION: default value of option mesa_glthread overridden by environment.
ATTENTION: default value of option mesa_glthread overridden by environment.
1667758329136	Marionette	INFO	Marionette enabled
1667758329139	Marionette	INFO	Listening on port 37751
Read port: 37751
WebDriver BiDi listening on ws://127.0.0.1:60921
1667758329203	RemoteAgent	WARN	TLS certificate errors will be ignored for this session
ATTENTION: default value of option mesa_glthread overridden by environment.
kf.i18n: KLocalizedString: Using an empty domain, fix the code. msgid: "Mozilla Firefox" msgid_plural: "" msgctxt: ""
console.warn: SearchSettings: "get: No settings file exists, new profile?" (new NotFoundError("Could not open the file at /tmp/rust_mozprofileUuSNo2/search.json.mozlz4", (void 0)))
DevTools listening on ws://127.0.0.1:60921/devtools/browser/67907e60-db74-4863-bce1-a09a43bd84a6
JavaScript warning: https://pagead2.googlesyndication.com/bg/vLbRz7g6TQ5oo3iSl-9A8cc-tNTKSUSKynQIdvKxkcY.js line 2 > eval line 2338 > eval line 1 > eval line 1 > eval, line 1: WEBGL_debug_renderer_info is deprecated in Firefox and will be removed. Please use RENDERER.
[GFX1-]: Couldn't sanitize RENDERER device: RENOIR
console.error: "Unable to find target with innerWindowId:4294967298"
console.warn: ({})
console.error: "Unable to find target with innerWindowId:4294967298"
console.error: "Unable to find target with innerWindowId:4294967298"
console.warn: "Listener for event 'frame' did not return a promise."
console.warn: "Listener for event 'frame' did not return a promise."
JavaScript error: , line 0: TypeError: NetworkError when attempting to fetch resource.
console.error: "Unable to find target with innerWindowId:4294967298"
console.warn: "Listener for event 'frame' did not return a promise."
console.warn: "Listener for event 'frame' did not return a promise."
console.warn: "Listener for event 'frame' did not return a promise."
console.warn: "Listener for event 'frame' did not return a promise."
console.warn: "Listener for event 'frame' did not return a promise."
JavaScript warning: https://pagead2.googlesyndication.com/bg/vLbRz7g6TQ5oo3iSl-9A8cc-tNTKSUSKynQIdvKxkcY.js line 2 > eval line 7032 > eval line 1 > eval line 1 > eval, line 1: WEBGL_debug_renderer_info is deprecated in Firefox and will be removed. Please use RENDERER.
[GFX1-]: Couldn't sanitize RENDERER device: RENOIR
JavaScript error: resource://devtools/client/framework/toolbox.js, line 3500: TypeError: data.frameData.id is null
console.warn: "Listener for event 'frame' did not return a promise."
JavaScript warning: https://pagead2.googlesyndication.com/bg/vLbRz7g6TQ5oo3iSl-9A8cc-tNTKSUSKynQIdvKxkcY.js line 2 > eval line 5214 > eval line 1 > eval line 1 > eval, line 1: WEBGL_debug_renderer_info is deprecated in Firefox and will be removed. Please use RENDERER.
[GFX1-]: Couldn't sanitize RENDERER device: RENOIR
console.error: "Unable to find target with innerWindowId:4294967304"
console.warn: "Listener for event 'frame' did not return a promise."
console.warn: "Listener for event 'frame' did not return a promise."
console.warn: "Listener for event 'frame' did not return a promise."
console.warn: "Listener for event 'frame' did not return a promise."
console.warn: "Listener for event 'frame' did not return a promise."
JavaScript warning: https://pagead2.googlesyndication.com/bg/vLbRz7g6TQ5oo3iSl-9A8cc-tNTKSUSKynQIdvKxkcY.js line 2 > eval line 2782 > eval line 1 > eval line 1 > eval, line 1: WEBGL_debug_renderer_info is deprecated in Firefox and will be removed. Please use RENDERER.
[GFX1-]: Couldn't sanitize RENDERER device: RENOIR
JavaScript error: resource://devtools/client/framework/toolbox.js, line 3500: TypeError: data.frameData.id is null
console.warn: "Listener for event 'frame' did not return a promise."
1667760666131	geckodriver	INFO	Listening on 127.0.0.1:56359
1667760666633	mozrunner::runner	INFO	Running command: "/usr/bin/firefox" "--marionette" "--remote-debugging-port" "42189" "--remote-allow-hosts" "localhost" "-no-remote" "-profile" "/tmp/rust_mozprofile5ARzCy"
ATTENTION: default value of option mesa_glthread overridden by environment.
ATTENTION: default value of option mesa_glthread overridden by environment.
ATTENTION: default value of option mesa_glthread overridden by environment.
ATTENTION: default value of option mesa_glthread overridden by environment.
1667760667029	Marionette	INFO	Marionette enabled
1667760667032	Marionette	INFO	Listening on port 42995
Read port: 42995
WebDriver BiDi listening on ws://127.0.0.1:42189
1667760667095	RemoteAgent	WARN	TLS certificate errors will be ignored for this session
ATTENTION: default value of option mesa_glthread overridden by environment.
kf.i18n: KLocalizedString: Using an empty domain, fix the code. msgid: "Mozilla Firefox" msgid_plural: "" msgctxt: ""
console.warn: SearchSettings: "get: No settings file exists, new profile?" (new NotFoundError("Could not open the file at /tmp/rust_mozprofile5ARzCy/search.json.mozlz4", (void 0)))
DevTools listening on ws://127.0.0.1:42189/devtools/browser/cd49a13d-f967-4b50-8580-66aac5cd4ec5
console.error: "Unable to find target with innerWindowId:4294967318"
console.error: "Unable to find target with innerWindowId:4294967318"
console.error: "Unable to find target with innerWindowId:4294967318"
console.error: "Unable to find target with innerWindowId:4294967318"
console.error: "Unable to find target with innerWindowId:4294967318"
console.warn: "Listener for event 'frame' did not return a promise."
console.warn: "Listener for event 'frame' did not return a promise."
console.warn: "Listener for event 'frame' did not return a promise."
console.warn: "Listener for event 'frame' did not return a promise."
console.warn: "Listener for event 'frame' did not return a promise."
JavaScript warning: https://pagead2.googlesyndication.com/bg/vLbRz7g6TQ5oo3iSl-9A8cc-tNTKSUSKynQIdvKxkcY.js line 2 > eval line 5197 > eval line 1 > eval line 1 > eval, line 1: WEBGL_debug_renderer_info is deprecated in Firefox and will be removed. Please use RENDERER.
[GFX1-]: Couldn't sanitize RENDERER device: RENOIR
console.warn: "Listener for event 'frame' did not return a promise."
1667760789605	Marionette	INFO	Stopped listening on port 36745
1667760789607	Marionette	INFO	Stopped listening on port 37751
1667760789610	Marionette	INFO	Stopped listening on port 44329
1667760789611	Marionette	INFO	Stopped listening on port 42995
JavaScript error: resource://gre/modules/AsyncShutdown.jsm, line 576: NotFoundError: No such JSWindowActor 'DevToolsFrame'
JavaScript error: resource://gre/modules/AsyncShutdown.jsm, line 576: NotFoundError: No such JSWindowActor 'DevToolsFrame'
JavaScript error: resource://gre/modules/AsyncShutdown.jsm, line 576: NotFoundError: No such JSWindowActor 'DevToolsFrame'
JavaScript error: resource://gre/modules/AsyncShutdown.jsm, line 576: NotFoundError: No such JSWindowActor 'DevToolsFrame'
JavaScript error: resource://gre/modules/AsyncShutdown.jsm, line 576: NotFoundError: No such JSWindowActor 'DevToolsFrame'
console.warn: TopSitesFeed: Failed to fetch data from Contile server: NetworkError when attempting to fetch resource.
JavaScript error: resource://gre/modules/AsyncShutdown.jsm, line 576: NotFoundError: No such JSWindowActor 'DevToolsFrame'
JavaScript error: resource://gre/modules/AsyncShutdown.jsm, line 576: NotFoundError: No such JSWindowActor 'DevToolsFrame'
JavaScript error: resource://gre/modules/AsyncShutdown.jsm, line 576: NotFoundError: No such JSWindowActor 'DevToolsFrame'
JavaScript error: resource://gre/modules/AsyncShutdown.jsm, line 576: NotFoundError: No such JSWindowActor 'DevToolsFrame'
JavaScript error: resource://gre/modules/AsyncShutdown.jsm, line 576: NotFoundError: No such JSWindowActor 'DevToolsFrame'
1667760789659	Marionette	INFO	Stopped listening on port 44825
console.warn: TopSitesFeed: Failed to fetch data from Contile server: NetworkError when attempting to fetch resource.
1667760789663	Marionette	INFO	Stopped listening on port 42259
console.warn: TopSitesFeed: Failed to fetch data from Contile server: NetworkError when attempting to fetch resource.
console.warn: TopSitesFeed: Failed to fetch data from Contile server: NetworkError when attempting to fetch resource.
